[20 Apr 2014 21:21:31] Building database metadata model
[20 Apr 2014 21:21:31] Properties: {partialRefresh=false, processColumnsUsingSelect=, includePrimaryKeys=true, eventSocketClient=com.webratio.commons.net.EventSocketClient@5a08145f, includeTables=true, username=postgres, outputLogPath=/opt/eclipse/mde/researcher/workspace/RR/.Temp~/DB.xml.log, readIndexes=null, driverClass=org.postgresql.Driver, includeSynonyms=true, metaDataProviderClass=com.webratio.commons.db.metadata.PostgreSQLMetaDataProvider, outputPath=/opt/eclipse/mde/researcher/workspace/RR/.Temp~/DB.xml, schemaRegex=null, readProcedures=null, includeViews=true, derby.system.home=/opt/eclipse/mde/researcher/workspace/.metadata/.plugins/com.webratio.commons.db/derby, url=jdbc:postgresql://localhost:5432/Propuesta, tableRegex=null, readSQLDefinitions=true, includeForeignKeys=false, retrieveAllNames=false, tablesToRefresh=, eventSocketPort=38542}
[20 Apr 2014 21:21:31] URL: jdbc:postgresql://localhost:5432/Propuesta
[20 Apr 2014 21:21:31] Product name: PostgreSQL
[20 Apr 2014 21:21:31] Product version: 9.1.13
[20 Apr 2014 21:21:31] Driver name: PostgreSQL Native Driver
[20 Apr 2014 21:21:31] Driver version: PostgreSQL 9.1 JDBC3g (build 903)
[20 Apr 2014 21:21:31] Driver major version: 9
[20 Apr 2014 21:21:31] Driver minor version: 1
[20 Apr 2014 21:21:31] Identifier quote string: 1
[20 Apr 2014 21:21:31] Retrieving schemas
[20 Apr 2014 21:21:31]   Found schema: information_schema
[20 Apr 2014 21:21:31]   Found schema: pg_catalog
[20 Apr 2014 21:21:31]   Found schema: public
[20 Apr 2014 21:21:31] Retrieving sequences
[20 Apr 2014 21:21:31] Retrieving [TABLE, VIEW, SYNONYM] for schema 'information_schema'
[20 Apr 2014 21:21:31] Retrieving [TABLE, VIEW, SYNONYM] for schema 'pg_catalog'
[20 Apr 2014 21:21:31] Retrieving [TABLE, VIEW, SYNONYM] for schema 'public'
[20 Apr 2014 21:21:31]   Found 'public.Autor' [type = TABLE]
[20 Apr 2014 21:21:31]   Found 'public.Esquema' [type = TABLE]
[20 Apr 2014 21:21:31]   Found 'public.Institucion' [type = TABLE]
[20 Apr 2014 21:21:31]   Found 'public.Items' [type = TABLE]
[20 Apr 2014 21:21:31]   Found 'public.Metadatos' [type = TABLE]
[20 Apr 2014 21:21:31]   Found 'public.Numrevista' [type = TABLE]
[20 Apr 2014 21:21:31]   Found 'public.Registro_metadato' [type = TABLE]
[20 Apr 2014 21:21:31]   Found 'public.Revista' [type = TABLE]
[20 Apr 2014 21:21:31]   Found 'public.group' [type = TABLE]
[20 Apr 2014 21:21:31]   Found 'public.group_module' [type = TABLE]
[20 Apr 2014 21:21:31]   Found 'public.module' [type = TABLE]
[20 Apr 2014 21:21:31]   Found 'public.user' [type = TABLE]
[20 Apr 2014 21:21:31]   Found 'public.user_group' [type = TABLE]
[20 Apr 2014 21:21:31] Retrieving columns for 'public.Autor' [type = TABLE]
[20 Apr 2014 21:21:31]   Found column: ID_A [type = int4][SQL/XOPEN type = 4][size = 10][dec. digits = 0]
[20 Apr 2014 21:21:31]   Found column: nombre [type = varchar][SQL/XOPEN type = 12][size = 64][dec. digits = 0]
[20 Apr 2014 21:21:31]   Found column: apellido [type = varchar][SQL/XOPEN type = 12][size = 64][dec. digits = 0]
[20 Apr 2014 21:21:31]   Found column: dni [type = int4][SQL/XOPEN type = 4][size = 10][dec. digits = 0]
[20 Apr 2014 21:21:31]   Found column: email [type = varchar][SQL/XOPEN type = 12][size = 64][dec. digits = 0]
[20 Apr 2014 21:21:31]   Found column: institucion_ID [type = int4][SQL/XOPEN type = 4][size = 10][dec. digits = 0]
[20 Apr 2014 21:21:31]   Found column: dependencia [type = varchar][SQL/XOPEN type = 12][size = 64][dec. digits = 0]
[20 Apr 2014 21:21:31]   Found column: unidad [type = varchar][SQL/XOPEN type = 12][size = 64][dec. digits = 0]
[20 Apr 2014 21:21:31]   Found column: pais_ID [type = int4][SQL/XOPEN type = 4][size = 10][dec. digits = 0]
[20 Apr 2014 21:21:31] Retrieving primary keys for 'public.Autor' [type = TABLE]
[20 Apr 2014 21:21:31]   Found primary key column: ID_A
[20 Apr 2014 21:21:31] Retrieving columns for 'public.Esquema' [type = TABLE]
[20 Apr 2014 21:21:31]   Found column: ID [type = int4][SQL/XOPEN type = 4][size = 10][dec. digits = 0]
[20 Apr 2014 21:21:31]   Found column: nombre [type = varchar][SQL/XOPEN type = 12][size = 64][dec. digits = 0]
[20 Apr 2014 21:21:31]   Found column: namespace [type = varchar][SQL/XOPEN type = 12][size = 256][dec. digits = 0]
[20 Apr 2014 21:21:31] Retrieving primary keys for 'public.Esquema' [type = TABLE]
[20 Apr 2014 21:21:31]   Found primary key column: ID
[20 Apr 2014 21:21:31] Retrieving columns for 'public.Institucion' [type = TABLE]
[20 Apr 2014 21:21:31]   Found column: ID [type = int4][SQL/XOPEN type = 4][size = 10][dec. digits = 0]
[20 Apr 2014 21:21:31]   Found column: nombre [type = varchar][SQL/XOPEN type = 12][size = 64][dec. digits = 0]
[20 Apr 2014 21:21:31]   Found column: abreviatura [type = varchar][SQL/XOPEN type = 12][size = 64][dec. digits = 0]
[20 Apr 2014 21:21:31]   Found column: pais_ID [type = int4][SQL/XOPEN type = 4][size = 10][dec. digits = 0]
[20 Apr 2014 21:21:31] Retrieving primary keys for 'public.Institucion' [type = TABLE]
[20 Apr 2014 21:21:31]   Found primary key column: ID
[20 Apr 2014 21:21:31] Retrieving columns for 'public.Items' [type = TABLE]
[20 Apr 2014 21:21:31]   Found column: ID [type = int4][SQL/XOPEN type = 4][size = 10][dec. digits = 0]
[20 Apr 2014 21:21:31]   Found column: titulo [type = varchar][SQL/XOPEN type = 12][size = 64][dec. digits = 0]
[20 Apr 2014 21:21:31]   Found column: ID_tipo [type = varchar][SQL/XOPEN type = 12][size = 64][dec. digits = 0]
[20 Apr 2014 21:21:31] Retrieving primary keys for 'public.Items' [type = TABLE]
[20 Apr 2014 21:21:31]   Found primary key column: ID
[20 Apr 2014 21:21:31] Retrieving columns for 'public.Metadatos' [type = TABLE]
[20 Apr 2014 21:21:31]   Found column: ID [type = int4][SQL/XOPEN type = 4][size = 10][dec. digits = 0]
[20 Apr 2014 21:21:31]   Found column: valor [type = text][SQL/XOPEN type = 12][size = 2147483647][dec. digits = 0]
[20 Apr 2014 21:21:31]   Found column: item_ID [type = int4][SQL/XOPEN type = 4][size = 10][dec. digits = 0]
[20 Apr 2014 21:21:31]   Found column: registrometadato_ID [type = int4][SQL/XOPEN type = 4][size = 10][dec. digits = 0]
[20 Apr 2014 21:21:31] Retrieving primary keys for 'public.Metadatos' [type = TABLE]
[20 Apr 2014 21:21:31]   Found primary key column: ID
[20 Apr 2014 21:21:31] Retrieving columns for 'public.Numrevista' [type = TABLE]
[20 Apr 2014 21:21:31]   Found column: ID [type = int4][SQL/XOPEN type = 4][size = 10][dec. digits = 0]
[20 Apr 2014 21:21:31]   Found column: volumen [type = varchar][SQL/XOPEN type = 12][size = 64][dec. digits = 0]
[20 Apr 2014 21:21:31]   Found column: numero [type = varchar][SQL/XOPEN type = 12][size = 64][dec. digits = 0]
[20 Apr 2014 21:21:31]   Found column: revista_ID [type = int4][SQL/XOPEN type = 4][size = 10][dec. digits = 0]
[20 Apr 2014 21:21:31]   Found column: editores [type = varchar][SQL/XOPEN type = 12][size = 64][dec. digits = 0]
[20 Apr 2014 21:21:31] Retrieving primary keys for 'public.Numrevista' [type = TABLE]
[20 Apr 2014 21:21:31]   Found primary key column: ID
[20 Apr 2014 21:21:31] Retrieving columns for 'public.Registro_metadato' [type = TABLE]
[20 Apr 2014 21:21:31]   Found column: ID [type = int4][SQL/XOPEN type = 4][size = 10][dec. digits = 0]
[20 Apr 2014 21:21:31]   Found column: esquema_ID [type = int4][SQL/XOPEN type = 4][size = 10][dec. digits = 0]
[20 Apr 2014 21:21:31]   Found column: element [type = varchar][SQL/XOPEN type = 12][size = 64][dec. digits = 0]
[20 Apr 2014 21:21:31]   Found column: qualifier [type = varchar][SQL/XOPEN type = 12][size = 64][dec. digits = 0]
[20 Apr 2014 21:21:31]   Found column: scope_note [type = text][SQL/XOPEN type = 12][size = 2147483647][dec. digits = 0]
[20 Apr 2014 21:21:31] Retrieving primary keys for 'public.Registro_metadato' [type = TABLE]
[20 Apr 2014 21:21:31]   Found primary key column: ID
[20 Apr 2014 21:21:31] Retrieving columns for 'public.Revista' [type = TABLE]
[20 Apr 2014 21:21:31]   Found column: ID [type = int4][SQL/XOPEN type = 4][size = 10][dec. digits = 0]
[20 Apr 2014 21:21:31]   Found column: titulo [type = varchar][SQL/XOPEN type = 12][size = 128][dec. digits = 0]
[20 Apr 2014 21:21:31] Retrieving primary keys for 'public.Revista' [type = TABLE]
[20 Apr 2014 21:21:31]   Found primary key column: ID
[20 Apr 2014 21:21:31] Retrieving columns for 'public.group' [type = TABLE]
[20 Apr 2014 21:21:31]   Found column: oid [type = int4][SQL/XOPEN type = 4][size = 10][dec. digits = 0]
[20 Apr 2014 21:21:31]   Found column: groupname [type = varchar][SQL/XOPEN type = 12][size = 255][dec. digits = 0]
[20 Apr 2014 21:21:31]   Found column: module_oid [type = int4][SQL/XOPEN type = 4][size = 10][dec. digits = 0]
[20 Apr 2014 21:21:31] Retrieving primary keys for 'public.group' [type = TABLE]
[20 Apr 2014 21:21:31]   Found primary key column: oid
[20 Apr 2014 21:21:31] Retrieving columns for 'public.group_module' [type = TABLE]
[20 Apr 2014 21:21:31]   Found column: group_oid [type = int4][SQL/XOPEN type = 4][size = 10][dec. digits = 0]
[20 Apr 2014 21:21:31]   Found column: module_oid [type = int4][SQL/XOPEN type = 4][size = 10][dec. digits = 0]
[20 Apr 2014 21:21:31] Retrieving primary keys for 'public.group_module' [type = TABLE]
[20 Apr 2014 21:21:31]   Found primary key column: group_oid
[20 Apr 2014 21:21:31]   Found primary key column: module_oid
[20 Apr 2014 21:21:31] Retrieving columns for 'public.module' [type = TABLE]
[20 Apr 2014 21:21:31]   Found column: oid [type = int4][SQL/XOPEN type = 4][size = 10][dec. digits = 0]
[20 Apr 2014 21:21:31]   Found column: moduleid [type = varchar][SQL/XOPEN type = 12][size = 255][dec. digits = 0]
[20 Apr 2014 21:21:31]   Found column: modulename [type = varchar][SQL/XOPEN type = 12][size = 255][dec. digits = 0]
[20 Apr 2014 21:21:31] Retrieving primary keys for 'public.module' [type = TABLE]
[20 Apr 2014 21:21:31]   Found primary key column: oid
[20 Apr 2014 21:21:31] Retrieving columns for 'public.user' [type = TABLE]
[20 Apr 2014 21:21:31]   Found column: oid [type = int4][SQL/XOPEN type = 4][size = 10][dec. digits = 0]
[20 Apr 2014 21:21:31]   Found column: username [type = varchar][SQL/XOPEN type = 12][size = 255][dec. digits = 0]
[20 Apr 2014 21:21:31]   Found column: password [type = varchar][SQL/XOPEN type = 12][size = 255][dec. digits = 0]
[20 Apr 2014 21:21:31]   Found column: email [type = varchar][SQL/XOPEN type = 12][size = 255][dec. digits = 0]
[20 Apr 2014 21:21:31]   Found column: group_oid [type = int4][SQL/XOPEN type = 4][size = 10][dec. digits = 0]
[20 Apr 2014 21:21:31] Retrieving primary keys for 'public.user' [type = TABLE]
[20 Apr 2014 21:21:31]   Found primary key column: oid
[20 Apr 2014 21:21:31] Retrieving columns for 'public.user_group' [type = TABLE]
[20 Apr 2014 21:21:31]   Found column: user_oid [type = int4][SQL/XOPEN type = 4][size = 10][dec. digits = 0]
[20 Apr 2014 21:21:31]   Found column: group_oid [type = int4][SQL/XOPEN type = 4][size = 10][dec. digits = 0]
[20 Apr 2014 21:21:31] Retrieving primary keys for 'public.user_group' [type = TABLE]
[20 Apr 2014 21:21:31]   Found primary key column: user_oid
[20 Apr 2014 21:21:31]   Found primary key column: group_oid
[20 Apr 2014 21:21:31] Database connection closed
